# JRE version: OpenJDK Runtime Environment Temurin-21.0.10+7 (21.0.10+7) (build 21.0.10+7-LTS)
# Java VM: OpenJDK 64-Bit Server VM Temurin-21.0.10+7 (21.0.10+7-LTS, mixed mode, sharing, tiered, compressed oops, compressed class ptrs, parallel gc, windows-amd64)
GC Precious Log:
 CardTable entry size: 512
 CPUs: 12 total, 12 available
 Memory: 16076M
 Large Page Support: Disabled
 NUMA Support: Disabled
 Compressed Oops: Enabled (32-bit)
 Alignments: Space 512K, Generation 512K, Heap 2M
 Heap Min Capacity: 100M
 Heap Initial Capacity: 100M
 Heap Max Capacity: 2G
 Pre-touch: Disabled
 Parallel Workers: 10
Heap:
 PSYoungGen      total 4096K, used 3911K [0x00000000d5580000, 0x00000000d5b80000, 0x0000000100000000)
  eden space 3584K, 96% used [0x00000000d5580000,0x00000000d58e1ce0,0x00000000d5900000)
  from space 512K, 87% used [0x00000000d5b00000,0x00000000d5b70000,0x00000000d5b80000)
  to   space 512K, 0% used [0x00000000d5a80000,0x00000000d5a80000,0x00000000d5b00000)
 ParOldGen       total 613376K, used 448593K [0x0000000080000000, 0x00000000a5700000, 0x00000000d5580000)
  object space 613376K, 73% used [0x0000000080000000,0x000000009b6145c8,0x00000000a5700000)
 Metaspace       used 81120K, committed 82944K, reserved 1179648K
  class space    used 8125K, committed 8960K, reserved 1048576K
GC Heap History (20 events):
Event: 4559.605 GC heap before
{Heap before GC invocations=4460 (full 5):
 PSYoungGen      total 6144K, used 5474K [0x00000000d5580000, 0x00000000d5d80000, 0x0000000100000000)
  eden space 3584K, 100% used [0x00000000d5580000,0x00000000d5900000,0x00000000d5900000)
  from space 2560K, 73% used [0x00000000d5b00000,0x00000000d5cd89a0,0x00000000d5d80000)
  to   space 2048K, 0% used [0x00000000d5900000,0x00000000d5900000,0x00000000d5b00000)
 ParOldGen       total 613376K, used 412824K [0x0000000080000000, 0x00000000a5700000, 0x00000000d5580000)
  object space 613376K, 67% used [0x0000000080000000,0x00000000993260b8,0x00000000a5700000)
 Metaspace       used 81068K, committed 82816K, reserved 1179648K
  class space    used 8125K, committed 8960K, reserved 1048576K
}
Event: 4559.614 GC heap after
{Heap after GC invocations=4460 (full 5):
 PSYoungGen      total 5632K, used 1024K [0x00000000d5580000, 0x00000000d5d00000, 0x0000000100000000)
  eden space 3584K, 0% used [0x00000000d5580000,0x00000000d5580000,0x00000000d5900000)
  from space 2048K, 50% used [0x00000000d5900000,0x00000000d5a00000,0x00000000d5b00000)
  to   space 1536K, 0% used [0x00000000d5b80000,0x00000000d5b80000,0x00000000d5d00000)
 ParOldGen       total 613376K, used 414563K [0x0000000080000000, 0x00000000a5700000, 0x00000000d5580000)
  object space 613376K, 67% used [0x0000000080000000,0x00000000994d8f18,0x00000000a5700000)
 Metaspace       used 81068K, committed 82816K, reserved 1179648K
  class space    used 8125K, committed 8960K, reserved 1048576K
}
Event: 4559.664 GC heap before
{Heap before GC invocations=4461 (full 5):
 PSYoungGen      total 5632K, used 4608K [0x00000000d5580000, 0x00000000d5d00000, 0x0000000100000000)
  eden space 3584K, 100% used [0x00000000d5580000,0x00000000d5900000,0x00000000d5900000)
  from space 2048K, 50% used [0x00000000d5900000,0x00000000d5a00000,0x00000000d5b00000)
  to   space 1536K, 0% used [0x00000000d5b80000,0x00000000d5b80000,0x00000000d5d00000)
 ParOldGen       total 613376K, used 422243K [0x0000000080000000, 0x00000000a5700000, 0x00000000d5580000)
  object space 613376K, 68% used [0x0000000080000000,0x0000000099c58f28,0x00000000a5700000)
 Metaspace       used 81070K, committed 82816K, reserved 1179648K
  class space    used 8125K, committed 8960K, reserved 1048576K
}
Event: 4559.667 GC heap after
{Heap after GC invocations=4461 (full 5):
 PSYoungGen      total 4608K, used 736K [0x00000000d5580000, 0x00000000d5c80000, 0x0000000100000000)
  eden space 3584K, 0% used [0x00000000d5580000,0x00000000d5580000,0x00000000d5900000)
  from space 1024K, 71% used [0x00000000d5b80000,0x00000000d5c38000,0x00000000d5c80000)
  to   space 1024K, 0% used [0x00000000d5a80000,0x00000000d5a80000,0x00000000d5b80000)
 ParOldGen       total 613376K, used 423125K [0x0000000080000000, 0x00000000a5700000, 0x00000000d5580000)
  object space 613376K, 68% used [0x0000000080000000,0x0000000099d355a8,0x00000000a5700000)
 Metaspace       used 81070K, committed 82816K, reserved 1179648K
  class space    used 8125K, committed 8960K, reserved 1048576K
}
Event: 4559.728 GC heap before
{Heap before GC invocations=4462 (full 5):
 PSYoungGen      total 4608K, used 4320K [0x00000000d5580000, 0x00000000d5c80000, 0x0000000100000000)
  eden space 3584K, 100% used [0x00000000d5580000,0x00000000d5900000,0x00000000d5900000)
  from space 1024K, 71% used [0x00000000d5b80000,0x00000000d5c38000,0x00000000d5c80000)
  to   space 1024K, 0% used [0x00000000d5a80000,0x00000000d5a80000,0x00000000d5b80000)
 ParOldGen       total 613376K, used 434645K [0x0000000080000000, 0x00000000a5700000, 0x00000000d5580000)
  object space 613376K, 70% used [0x0000000080000000,0x000000009a8755b8,0x00000000a5700000)
 Metaspace       used 81073K, committed 82816K, reserved 1179648K
  class space    used 8125K, committed 8960K, reserved 1048576K
}
Event: 4559.732 GC heap after
{Heap after GC invocations=4462 (full 5):
 PSYoungGen      total 4608K, used 1008K [0x00000000d5580000, 0x00000000d5d00000, 0x0000000100000000)
  eden space 3584K, 0% used [0x00000000d5580000,0x00000000d5580000,0x00000000d5900000)
  from space 1024K, 98% used [0x00000000d5a80000,0x00000000d5b7c010,0x00000000d5b80000)
  to   space 1536K, 0% used [0x00000000d5b80000,0x00000000d5b80000,0x00000000d5d00000)
 ParOldGen       total 613376K, used 435196K [0x0000000080000000, 0x00000000a5700000, 0x00000000d5580000)
  object space 613376K, 70% used [0x0000000080000000,0x000000009a8ff340,0x00000000a5700000)
 Metaspace       used 81073K, committed 82816K, reserved 1179648K
  class space    used 8125K, committed 8960K, reserved 1048576K
}
Event: 4559.857 GC heap before
{Heap before GC invocations=4463 (full 5):
 PSYoungGen      total 4608K, used 4592K [0x00000000d5580000, 0x00000000d5d00000, 0x0000000100000000)
  eden space 3584K, 100% used [0x00000000d5580000,0x00000000d5900000,0x00000000d5900000)
  from space 1024K, 98% used [0x00000000d5a80000,0x00000000d5b7c010,0x00000000d5b80000)
  to   space 1536K, 0% used [0x00000000d5b80000,0x00000000d5b80000,0x00000000d5d00000)
 ParOldGen       total 613376K, used 446716K [0x0000000080000000, 0x00000000a5700000, 0x00000000d5580000)
  object space 613376K, 72% used [0x0000000080000000,0x000000009b43f350,0x00000000a5700000)
 Metaspace       used 81076K, committed 82816K, reserved 1179648K
  class space    used 8125K, committed 8960K, reserved 1048576K
}
Event: 4559.863 GC heap after
{Heap after GC invocations=4463 (full 5):
 PSYoungGen      total 4096K, used 448K [0x00000000d5580000, 0x00000000d5c00000, 0x0000000100000000)
  eden space 3584K, 0% used [0x00000000d5580000,0x00000000d5580000,0x00000000d5900000)
  from space 512K, 87% used [0x00000000d5b80000,0x00000000d5bf0000,0x00000000d5c00000)
  to   space 1024K, 0% used [0x00000000d5a00000,0x00000000d5a00000,0x00000000d5b00000)
 ParOldGen       total 613376K, used 447635K [0x0000000080000000, 0x00000000a5700000, 0x00000000d5580000)
  object space 613376K, 72% used [0x0000000080000000,0x000000009b524c80,0x00000000a5700000)
 Metaspace       used 81076K, committed 82816K, reserved 1179648K
  class space    used 8125K, committed 8960K, reserved 1048576K
}
Event: 4639.925 GC heap before
{Heap before GC invocations=4464 (full 5):
 PSYoungGen      total 4096K, used 4032K [0x00000000d5580000, 0x00000000d5c00000, 0x0000000100000000)
  eden space 3584K, 100% used [0x00000000d5580000,0x00000000d5900000,0x00000000d5900000)
  from space 512K, 87% used [0x00000000d5b80000,0x00000000d5bf0000,0x00000000d5c00000)
  to   space 1024K, 0% used [0x00000000d5a00000,0x00000000d5a00000,0x00000000d5b00000)
 ParOldGen       total 613376K, used 447635K [0x0000000080000000, 0x00000000a5700000, 0x00000000d5580000)
  object space 613376K, 72% used [0x0000000080000000,0x000000009b524c80,0x00000000a5700000)
 Metaspace       used 81085K, committed 82816K, reserved 1179648K
  class space    used 8125K, committed 8960K, reserved 1048576K
}
Event: 4639.930 GC heap after
{Heap after GC invocations=4464 (full 5):
 PSYoungGen      total 4608K, used 633K [0x00000000d5580000, 0x00000000d5c00000, 0x0000000100000000)
  eden space 3584K, 0% used [0x00000000d5580000,0x00000000d5580000,0x00000000d5900000)
  from space 1024K, 61% used [0x00000000d5a00000,0x00000000d5a9e700,0x00000000d5b00000)
  to   space 1024K, 0% used [0x00000000d5b00000,0x00000000d5b00000,0x00000000d5c00000)
 ParOldGen       total 613376K, used 447927K [0x0000000080000000, 0x00000000a5700000, 0x00000000d5580000)
  object space 613376K, 73% used [0x0000000080000000,0x000000009b56de88,0x00000000a5700000)
 Metaspace       used 81085K, committed 82816K, reserved 1179648K
  class space    used 8125K, committed 8960K, reserved 1048576K
}
Event: 4688.473 GC heap before
{Heap before GC invocations=4465 (full 5):
 PSYoungGen      total 4608K, used 4217K [0x00000000d5580000, 0x00000000d5c00000, 0x0000000100000000)
  eden space 3584K, 100% used [0x00000000d5580000,0x00000000d5900000,0x00000000d5900000)
  from space 1024K, 61% used [0x00000000d5a00000,0x00000000d5a9e700,0x00000000d5b00000)
  to   space 1024K, 0% used [0x00000000d5b00000,0x00000000d5b00000,0x00000000d5c00000)
 ParOldGen       total 613376K, used 447927K [0x0000000080000000, 0x00000000a5700000, 0x00000000d5580000)
  object space 613376K, 73% used [0x0000000080000000,0x000000009b56de88,0x00000000a5700000)
 Metaspace       used 81085K, committed 82816K, reserved 1179648K
  class space    used 8125K, committed 8960K, reserved 1048576K
}
Event: 4688.477 GC heap after
{Heap after GC invocations=4465 (full 5):
 PSYoungGen      total 4608K, used 608K [0x00000000d5580000, 0x00000000d5c00000, 0x0000000100000000)
  eden space 3584K, 0% used [0x00000000d5580000,0x00000000d5580000,0x00000000d5900000)
  from space 1024K, 59% used [0x00000000d5b00000,0x00000000d5b98020,0x00000000d5c00000)
  to   space 1024K, 0% used [0x00000000d5a00000,0x00000000d5a00000,0x00000000d5b00000)
 ParOldGen       total 613376K, used 448177K [0x0000000080000000, 0x00000000a5700000, 0x00000000d5580000)
  object space 613376K, 73% used [0x0000000080000000,0x000000009b5ac598,0x00000000a5700000)
 Metaspace       used 81085K, committed 82816K, reserved 1179648K
  class space    used 8125K, committed 8960K, reserved 1048576K
}
Event: 4735.650 GC heap before
{Heap before GC invocations=4466 (full 5):
 PSYoungGen      total 4608K, used 4192K [0x00000000d5580000, 0x00000000d5c00000, 0x0000000100000000)
  eden space 3584K, 100% used [0x00000000d5580000,0x00000000d5900000,0x00000000d5900000)
  from space 1024K, 59% used [0x00000000d5b00000,0x00000000d5b98020,0x00000000d5c00000)
  to   space 1024K, 0% used [0x00000000d5a00000,0x00000000d5a00000,0x00000000d5b00000)
 ParOldGen       total 613376K, used 448177K [0x0000000080000000, 0x00000000a5700000, 0x00000000d5580000)
  object space 613376K, 73% used [0x0000000080000000,0x000000009b5ac598,0x00000000a5700000)
 Metaspace       used 81089K, committed 82816K, reserved 1179648K
  class space    used 8125K, committed 8960K, reserved 1048576K
}
Event: 4735.673 GC heap after
{Heap after GC invocations=4466 (full 5):
 PSYoungGen      total 4608K, used 672K [0x00000000d5580000, 0x00000000d5b80000, 0x0000000100000000)
  eden space 3584K, 0% used [0x00000000d5580000,0x00000000d5580000,0x00000000d5900000)
  from space 1024K, 65% used [0x00000000d5a00000,0x00000000d5aa8000,0x00000000d5b00000)
  to   space 512K, 0% used [0x00000000d5b00000,0x00000000d5b00000,0x00000000d5b80000)
 ParOldGen       total 613376K, used 448369K [0x0000000080000000, 0x00000000a5700000, 0x00000000d5580000)
  object space 613376K, 73% used [0x0000000080000000,0x000000009b5dc5c8,0x00000000a5700000)
 Metaspace       used 81089K, committed 82816K, reserved 1179648K
  class space    used 8125K, committed 8960K, reserved 1048576K
}
Event: 4827.717 GC heap before
{Heap before GC invocations=4467 (full 5):
 PSYoungGen      total 4608K, used 4255K [0x00000000d5580000, 0x00000000d5b80000, 0x0000000100000000)
  eden space 3584K, 99% used [0x00000000d5580000,0x00000000d58ffdd0,0x00000000d5900000)
  from space 1024K, 65% used [0x00000000d5a00000,0x00000000d5aa8000,0x00000000d5b00000)
  to   space 512K, 0% used [0x00000000d5b00000,0x00000000d5b00000,0x00000000d5b80000)
 ParOldGen       total 613376K, used 448369K [0x0000000080000000, 0x00000000a5700000, 0x00000000d5580000)
  object space 613376K, 73% used [0x0000000080000000,0x000000009b5dc5c8,0x00000000a5700000)
 Metaspace       used 81094K, committed 82880K, reserved 1179648K
  class space    used 8125K, committed 8960K, reserved 1048576K
}
Event: 4827.719 GC heap after
{Heap after GC invocations=4467 (full 5):
 PSYoungGen      total 4096K, used 480K [0x00000000d5580000, 0x00000000d5b80000, 0x0000000100000000)
  eden space 3584K, 0% used [0x00000000d5580000,0x00000000d5580000,0x00000000d5900000)
  from space 512K, 93% used [0x00000000d5b00000,0x00000000d5b78000,0x00000000d5b80000)
  to   space 1024K, 0% used [0x00000000d5980000,0x00000000d5980000,0x00000000d5a80000)
 ParOldGen       total 613376K, used 448433K [0x0000000080000000, 0x00000000a5700000, 0x00000000d5580000)
  object space 613376K, 73% used [0x0000000080000000,0x000000009b5ec5c8,0x00000000a5700000)
 Metaspace       used 81094K, committed 82880K, reserved 1179648K
  class space    used 8125K, committed 8960K, reserved 1048576K
}
Event: 4938.768 GC heap before
{Heap before GC invocations=4468 (full 5):
 PSYoungGen      total 4096K, used 4063K [0x00000000d5580000, 0x00000000d5b80000, 0x0000000100000000)
  eden space 3584K, 99% used [0x00000000d5580000,0x00000000d58fffd8,0x00000000d5900000)
  from space 512K, 93% used [0x00000000d5b00000,0x00000000d5b78000,0x00000000d5b80000)
  to   space 1024K, 0% used [0x00000000d5980000,0x00000000d5980000,0x00000000d5a80000)
 ParOldGen       total 613376K, used 448433K [0x0000000080000000, 0x00000000a5700000, 0x00000000d5580000)
  object space 613376K, 73% used [0x0000000080000000,0x000000009b5ec5c8,0x00000000a5700000)
 Metaspace       used 81100K, committed 82880K, reserved 1179648K
  class space    used 8125K, committed 8960K, reserved 1048576K
}
Event: 4938.796 GC heap after
{Heap after GC invocations=4468 (full 5):
 PSYoungGen      total 4608K, used 384K [0x00000000d5580000, 0x00000000d5b80000, 0x0000000100000000)
  eden space 3584K, 0% used [0x00000000d5580000,0x00000000d5580000,0x00000000d5900000)
  from space 1024K, 37% used [0x00000000d5980000,0x00000000d59e0000,0x00000000d5a80000)
  to   space 512K, 0% used [0x00000000d5b00000,0x00000000d5b00000,0x00000000d5b80000)
 ParOldGen       total 613376K, used 448513K [0x0000000080000000, 0x00000000a5700000, 0x00000000d5580000)
  object space 613376K, 73% used [0x0000000080000000,0x000000009b6005c8,0x00000000a5700000)
 Metaspace       used 81100K, committed 82880K, reserved 1179648K
  class space    used 8125K, committed 8960K, reserved 1048576K
}
Event: 5175.745 GC heap before
{Heap before GC invocations=4469 (full 5):
 PSYoungGen      total 4608K, used 3967K [0x00000000d5580000, 0x00000000d5b80000, 0x0000000100000000)
  eden space 3584K, 99% used [0x00000000d5580000,0x00000000d58fffa0,0x00000000d5900000)
  from space 1024K, 37% used [0x00000000d5980000,0x00000000d59e0000,0x00000000d5a80000)
  to   space 512K, 0% used [0x00000000d5b00000,0x00000000d5b00000,0x00000000d5b80000)
 ParOldGen       total 613376K, used 448513K [0x0000000080000000, 0x00000000a5700000, 0x00000000d5580000)
  object space 613376K, 73% used [0x0000000080000000,0x000000009b6005c8,0x00000000a5700000)
 Metaspace       used 81107K, committed 82944K, reserved 1179648K
  class space    used 8125K, committed 8960K, reserved 1048576K
}
Event: 5175.747 GC heap after
{Heap after GC invocations=4469 (full 5):
 PSYoungGen      total 4096K, used 448K [0x00000000d5580000, 0x00000000d5b80000, 0x0000000100000000)
  eden space 3584K, 0% used [0x00000000d5580000,0x00000000d5580000,0x00000000d5900000)
  from space 512K, 87% used [0x00000000d5b00000,0x00000000d5b70000,0x00000000d5b80000)
  to   space 512K, 0% used [0x00000000d5a80000,0x00000000d5a80000,0x00000000d5b00000)
 ParOldGen       total 613376K, used 448593K [0x0000000080000000, 0x00000000a5700000, 0x00000000d5580000)
  object space 613376K, 73% used [0x0000000080000000,0x000000009b6145c8,0x00000000a5700000)
 Metaspace       used 81107K, committed 82944K, reserved 1179648K
  class space    used 8125K, committed 8960K, reserved 1048576K
}

